  Player.cpp
C:\Project.VisualStudio\DUMB_FOREST\src\CommonFunction.h(43,2): warning C4091: 'typedef ': ignored on left of 'Input' when no variable is declared
C:\Project.VisualStudio\DUMB_FOREST\src\Player.cpp(139,11): warning C4244: '=': conversion from 'float' to 'int', possible loss of data
C:\Project.VisualStudio\DUMB_FOREST\src\Player.cpp(140,11): warning C4244: '=': conversion from 'float' to 'int', possible loss of data
C:\Project.VisualStudio\DUMB_FOREST\src\Player.cpp(180,11): warning C4244: '=': conversion from 'float' to 'int', possible loss of data
C:\Project.VisualStudio\DUMB_FOREST\src\Player.cpp(181,11): warning C4244: '=': conversion from 'float' to 'int', possible loss of data
C:\Project.VisualStudio\DUMB_FOREST\src\Player.cpp(345,23): warning C4305: '+=': truncation from 'double' to 'float'
C:\Project.VisualStudio\DUMB_FOREST\src\Player.cpp(373,23): warning C4305: '+=': truncation from 'double' to 'float'
C:\Project.VisualStudio\DUMB_FOREST\src\Player.cpp(409,24): warning C4244: '=': conversion from 'float' to 'int', possible loss of data
C:\Project.VisualStudio\DUMB_FOREST\src\Player.cpp(410,41): warning C4244: '=': conversion from 'float' to 'int', possible loss of data
C:\Project.VisualStudio\DUMB_FOREST\src\Player.cpp(412,18): warning C4244: '=': conversion from 'float' to 'int', possible loss of data
C:\Project.VisualStudio\DUMB_FOREST\src\Player.cpp(413,31): warning C4244: '=': conversion from 'float' to 'int', possible loss of data
C:\Project.VisualStudio\DUMB_FOREST\src\Player.cpp(441,45): warning C4244: '=': conversion from 'int' to 'float', possible loss of data
C:\Project.VisualStudio\DUMB_FOREST\src\Player.cpp(474,21): warning C4244: '=': conversion from 'int' to 'float', possible loss of data
C:\Project.VisualStudio\DUMB_FOREST\src\Player.cpp(483,14): warning C4244: '=': conversion from 'float' to 'int', possible loss of data
C:\Project.VisualStudio\DUMB_FOREST\src\Player.cpp(484,26): warning C4244: '=': conversion from 'float' to 'int', possible loss of data
C:\Project.VisualStudio\DUMB_FOREST\src\Player.cpp(486,21): warning C4244: '=': conversion from 'float' to 'int', possible loss of data
C:\Project.VisualStudio\DUMB_FOREST\src\Player.cpp(487,39): warning C4244: '=': conversion from 'float' to 'int', possible loss of data
C:\Project.VisualStudio\DUMB_FOREST\src\Player.cpp(515,16): warning C4244: '=': conversion from 'int' to 'float', possible loss of data
C:\Project.VisualStudio\DUMB_FOREST\src\Player.cpp(549,21): warning C4244: '=': conversion from 'int' to 'float', possible loss of data
C:\Project.VisualStudio\DUMB_FOREST\src\Player.cpp(562,40): warning C4244: '=': conversion from 'int' to 'float', possible loss of data
C:\Project.VisualStudio\DUMB_FOREST\src\Player.cpp(589,25): warning C4244: '=': conversion from 'float' to 'int', possible loss of data
C:\Project.VisualStudio\DUMB_FOREST\src\Player.cpp(590,42): warning C4244: '=': conversion from 'float' to 'int', possible loss of data
C:\Project.VisualStudio\DUMB_FOREST\src\Player.cpp(592,18): warning C4244: '=': conversion from 'float' to 'int', possible loss of data
C:\Project.VisualStudio\DUMB_FOREST\src\Player.cpp(593,31): warning C4244: '=': conversion from 'float' to 'int', possible loss of data
C:\Project.VisualStudio\DUMB_FOREST\src\Player.cpp(626,45): warning C4244: '=': conversion from 'int' to 'float', possible loss of data
C:\Project.VisualStudio\DUMB_FOREST\src\Player.cpp(658,22): warning C4244: '=': conversion from 'int' to 'float', possible loss of data
C:\Project.VisualStudio\DUMB_FOREST\src\Player.cpp(667,14): warning C4244: '=': conversion from 'float' to 'int', possible loss of data
C:\Project.VisualStudio\DUMB_FOREST\src\Player.cpp(668,26): warning C4244: '=': conversion from 'float' to 'int', possible loss of data
C:\Project.VisualStudio\DUMB_FOREST\src\Player.cpp(670,21): warning C4244: '=': conversion from 'float' to 'int', possible loss of data
C:\Project.VisualStudio\DUMB_FOREST\src\Player.cpp(671,39): warning C4244: '=': conversion from 'float' to 'int', possible loss of data
C:\Project.VisualStudio\DUMB_FOREST\src\Player.cpp(701,16): warning C4244: '=': conversion from 'int' to 'float', possible loss of data
C:\Project.VisualStudio\DUMB_FOREST\src\Player.cpp(735,22): warning C4244: '=': conversion from 'int' to 'float', possible loss of data
C:\Project.VisualStudio\DUMB_FOREST\src\Player.cpp(748,40): warning C4244: '=': conversion from 'int' to 'float', possible loss of data
C:\Project.VisualStudio\DUMB_FOREST\src\Player.cpp(831,10): warning C4244: 'initializing': conversion from 'float' to 'int', possible loss of data
C:\Project.VisualStudio\DUMB_FOREST\src\Player.cpp(832,10): warning C4244: 'initializing': conversion from 'float' to 'int', possible loss of data
C:\Project.VisualStudio\DUMB_FOREST\src\Player.cpp(833,10): warning C4244: 'initializing': conversion from 'float' to 'int', possible loss of data
C:\Project.VisualStudio\DUMB_FOREST\src\Player.cpp(834,10): warning C4244: 'initializing': conversion from 'float' to 'int', possible loss of data
C:\Project.VisualStudio\DUMB_FOREST\src\Player.cpp(838,20): warning C4244: '=': conversion from 'float' to 'int', possible loss of data
C:\Project.VisualStudio\DUMB_FOREST\src\Player.cpp(839,37): warning C4244: '=': conversion from 'float' to 'int', possible loss of data
C:\Project.VisualStudio\DUMB_FOREST\src\Player.cpp(841,13): warning C4244: '=': conversion from 'float' to 'int', possible loss of data
C:\Project.VisualStudio\DUMB_FOREST\src\Player.cpp(842,26): warning C4244: '=': conversion from 'float' to 'int', possible loss of data
C:\Project.VisualStudio\DUMB_FOREST\src\Player.cpp(856,15): warning C4244: '=': conversion from 'int' to 'float', possible loss of data
C:\Project.VisualStudio\DUMB_FOREST\src\Player.cpp(862,15): warning C4244: '=': conversion from 'int' to 'float', possible loss of data
C:\Project.VisualStudio\DUMB_FOREST\src\Player.cpp(869,13): warning C4244: '=': conversion from 'float' to 'int', possible loss of data
C:\Project.VisualStudio\DUMB_FOREST\src\Player.cpp(870,25): warning C4244: '=': conversion from 'float' to 'int', possible loss of data
C:\Project.VisualStudio\DUMB_FOREST\src\Player.cpp(872,13): warning C4244: '=': conversion from 'float' to 'int', possible loss of data
C:\Project.VisualStudio\DUMB_FOREST\src\Player.cpp(873,38): warning C4244: '=': conversion from 'float' to 'int', possible loss of data
C:\Project.VisualStudio\DUMB_FOREST\src\Player.cpp(891,12): warning C4244: '=': conversion from 'int' to 'float', possible loss of data
C:\Project.VisualStudio\DUMB_FOREST\src\Player.cpp(899,15): warning C4244: '=': conversion from 'int' to 'float', possible loss of data
C:\Project.VisualStudio\DUMB_FOREST\src\Player.cpp(919,13): warning C4244: 'initializing': conversion from 'float' to 'int', possible loss of data
C:\Project.VisualStudio\DUMB_FOREST\src\Player.cpp(920,13): warning C4244: 'initializing': conversion from 'float' to 'int', possible loss of data
C:\Project.VisualStudio\DUMB_FOREST\src\Player.cpp(921,13): warning C4244: 'initializing': conversion from 'float' to 'int', possible loss of data
C:\Project.VisualStudio\DUMB_FOREST\src\Player.cpp(922,13): warning C4244: 'initializing': conversion from 'float' to 'int', possible loss of data
C:\Project.VisualStudio\DUMB_FOREST\src\Player.cpp(926,17): warning C4244: '=': conversion from 'float' to 'int', possible loss of data
C:\Project.VisualStudio\DUMB_FOREST\src\Player.cpp(927,37): warning C4244: '=': conversion from 'float' to 'int', possible loss of data
C:\Project.VisualStudio\DUMB_FOREST\src\Player.cpp(929,12): warning C4244: '=': conversion from 'float' to 'int', possible loss of data
C:\Project.VisualStudio\DUMB_FOREST\src\Player.cpp(930,26): warning C4244: '=': conversion from 'float' to 'int', possible loss of data
C:\Project.VisualStudio\DUMB_FOREST\src\Player.cpp(948,12): warning C4244: '=': conversion from 'float' to 'int', possible loss of data
C:\Project.VisualStudio\DUMB_FOREST\src\Player.cpp(949,24): warning C4244: '=': conversion from 'float' to 'int', possible loss of data
C:\Project.VisualStudio\DUMB_FOREST\src\Player.cpp(951,13): warning C4244: '=': conversion from 'float' to 'int', possible loss of data
C:\Project.VisualStudio\DUMB_FOREST\src\Player.cpp(952,38): warning C4244: '=': conversion from 'float' to 'int', possible loss of data
C:\Project.VisualStudio\DUMB_FOREST\src\Player.cpp(983,21): warning C4244: '=': conversion from 'float' to 'int', possible loss of data
C:\Project.VisualStudio\DUMB_FOREST\src\Player.cpp(984,42): warning C4244: '=': conversion from 'float' to 'int', possible loss of data
C:\Project.VisualStudio\DUMB_FOREST\src\Player.cpp(986,17): warning C4244: '=': conversion from 'float' to 'int', possible loss of data
C:\Project.VisualStudio\DUMB_FOREST\src\Player.cpp(987,31): warning C4244: '=': conversion from 'float' to 'int', possible loss of data
C:\Project.VisualStudio\DUMB_FOREST\src\Player.cpp(1024,17): warning C4244: '=': conversion from 'float' to 'int', possible loss of data
C:\Project.VisualStudio\DUMB_FOREST\src\Player.cpp(1025,29): warning C4244: '=': conversion from 'float' to 'int', possible loss of data
C:\Project.VisualStudio\DUMB_FOREST\src\Player.cpp(1027,21): warning C4244: '=': conversion from 'float' to 'int', possible loss of data
C:\Project.VisualStudio\DUMB_FOREST\src\Player.cpp(1028,43): warning C4244: '=': conversion from 'float' to 'int', possible loss of data
  main .cpp
C:\Project.VisualStudio\DUMB_FOREST\src\CommonFunction.h(43,2): warning C4091: 'typedef ': ignored on left of 'Input' when no variable is declared
C:\Project.VisualStudio\DUMB_FOREST\src\main .cpp(119,9): warning C4101: 'framestart': unreferenced local variable
C:\Project.VisualStudio\DUMB_FOREST\src\main .cpp(120,6): warning C4101: 'frametime': unreferenced local variable
  Generating Code...
  DUMB_FOREST.vcxproj -> C:\Project.VisualStudio\DUMB_FOREST\x64\Debug\DUMB_FOREST.exe
